HelloWorldApp/app/build/intermediates/manifest_merge_blame_file/debug/manifest-merger-blame-debug-report.txt
1<?xml version="1.0" encoding="utf-8"?>
2<manifest xmlns:android="http://schemas.android.com/apk/res/android"
3    package="com.example.helloworldapp"
4    android:versionCode="1"
5    android:versionName="1.0" >
6
7    <uses-sdk
8        android:minSdkVersion="21"
8-->src/main/AndroidManifest.xml
9        android:targetSdkVersion="31" />
9-->src/main/AndroidManifest.xml
10
11    <application
11-->src/main/AndroidManifest.xml:5:5-20:19
12        android:allowBackup="true"
12-->src/main/AndroidManifest.xml:6:9-35
13        android:appComponentFactory="androidx.core.app.CoreComponentFactory"
13-->[androidx.core:core:1.7.0] AndroidManifest.xml:24:18-86
14        android:debuggable="true"
15        android:label="HelloWorldApp"
15-->src/main/AndroidManifest.xml:8:9-38
16        android:theme="@style/Theme.AppCompat.Light" >
16-->src/main/AndroidManifest.xml:7:9-53
17        <activity
17-->src/main/AndroidManifest.xml:10:9-17:20
18            android:name="com.example.helloworldapp.MainActivity"
18-->src/main/AndroidManifest.xml:10:19-47
19            android:exported="true" >
19-->src/main/AndroidManifest.xml:11:3-26
20            <intent-filter>
20-->src/main/AndroidManifest.xml:12:13-15:29
21                <action android:name="android.intent.action.MAIN" />
21-->src/main/AndroidManifest.xml:13:17-69
21-->src/main/AndroidManifest.xml:13:25-66
22
23                <category android:name="android.intent.category.LAUNCHER" />
23-->src/main/AndroidManifest.xml:14:17-77
23-->src/main/AndroidManifest.xml:14:27-74
24            </intent-filter>
25        </activity>
26        <activity android:name="com.example.helloworldapp.DateActivity" />
26-->src/main/AndroidManifest.xml:19:9-50
26-->src/main/AndroidManifest.xml:19:19-47
27
28        <provider
28-->[androidx.emoji2:emoji2:1.0.0] AndroidManifest.xml:26:9-34:20
29            android:name="androidx.startup.InitializationProvider"
29-->[androidx.emoji2:emoji2:1.0.0] AndroidManifest.xml:27:13-67
30            android:authorities="com.example.helloworldapp.androidx-startup"
30-->[androidx.emoji2:emoji2:1.0.0] AndroidManifest.xml:28:13-68
31            android:exported="false" >
31-->[androidx.emoji2:emoji2:1.0.0] AndroidManifest.xml:29:13-37
32            <meta-data
32-->[androidx.emoji2:emoji2:1.0.0] AndroidManifest.xml:31:13-33:52
33                android:name="androidx.emoji2.text.EmojiCompatInitializer"
33-->[androidx.emoji2:emoji2:1.0.0] AndroidManifest.xml:32:17-75
34                android:value="androidx.startup" />
34-->[androidx.emoji2:emoji2:1.0.0] AndroidManifest.xml:33:17-49
35            <meta-data
35-->[androidx.lifecycle:lifecycle-process:2.4.0] AndroidManifest.xml:31:13-33:52
36                android:name="androidx.lifecycle.ProcessLifecycleInitializer"
36-->[androidx.lifecycle:lifecycle-process:2.4.0] AndroidManifest.xml:32:17-78
37                android:value="androidx.startup" />
37-->[androidx.lifecycle:lifecycle-process:2.4.0] AndroidManifest.xml:33:17-49
38        </provider>
39    </application>
40
41</manifest>